#-----------------------------------------------------------
# Vivado v2020.2 (64-bit)
# SW Build 3064766 on Wed Nov 18 09:12:45 MST 2020
# IP Build 3064653 on Wed Nov 18 14:17:31 MST 2020
# Start of session at: Sat Apr 24 12:58:33 2021
# Process ID: 6932
# Current directory: C:/Users/angel/Documents/8405/VHDL Scripts/6
# Command line: vivado.exe -gui_launcher_event rodinguilauncherevent14924 C:\Users\angel\Documents\8405\VHDL Scripts\6\project.xpr
# Log file: C:/Users/angel/Documents/8405/VHDL Scripts/6/vivado.log
# Journal file: C:/Users/angel/Documents/8405/VHDL Scripts/6\vivado.jou
#-----------------------------------------------------------
start_gui
open_project {C:/Users/angel/Documents/8405/VHDL Scripts/6/project.xpr}
INFO: [Project 1-313] Project file moved from 'C:/Users/angel/Documents/8405/VHDL Scripts/test' since last save.
WARNING: [filemgmt 56-2] Default IP Output Path : Could not find the directory 'C:/Users/angel/Documents/8405/VHDL Scripts/6/project.gen/sources_1', nor could it be found using path 'C:/Users/angel/Documents/8405/VHDL Scripts/test/project.gen/sources_1'.
Scanning sources...
Finished scanning sources
INFO: [IP_Flow 19-234] Refreshing IP repositories
INFO: [IP_Flow 19-1704] No user IP repositories specified
INFO: [IP_Flow 19-2313] Loaded Vivado IP repository 'C:/Xilinx/Vivado/2020.2/data/ip'.
update_compile_order -fileset sources_1
export_ip_user_files -of_objects  [get_files {{C:/Users/angel/Documents/8405/VHDL Scripts/6/pictures_a.data}}] -no_script -reset -force -quiet
export_ip_user_files -of_objects  [get_files {{C:/Users/angel/Documents/8405/VHDL Scripts/6/pictures_b.data}}] -no_script -reset -force -quiet
export_ip_user_files -of_objects  [get_files {{C:/Users/angel/Documents/8405/VHDL Scripts/6/pictures_c.data}}] -no_script -reset -force -quiet
export_ip_user_files -of_objects  [get_files {{C:/Users/angel/Documents/8405/VHDL Scripts/6/pixel_hypervectors.data}}] -no_script -reset -force -quiet
remove_files  {{C:/Users/angel/Documents/8405/VHDL Scripts/6/pictures_a.data} {C:/Users/angel/Documents/8405/VHDL Scripts/6/pictures_b.data} {C:/Users/angel/Documents/8405/VHDL Scripts/6/pictures_c.data} {C:/Users/angel/Documents/8405/VHDL Scripts/6/pixel_hypervectors.data}}
exit
INFO: [Common 17-206] Exiting Vivado at Sat Apr 24 13:11:36 2021...
